CRITICAL - 2022-11-07 16:14:59 --> Invalid file: home.php
in SYSTEMPATH/Exceptions/FrameworkException.php on line 33.
 1 SYSTEMPATH/View/View.php(201): CodeIgniter\Exceptions\FrameworkException::forInvalidFile('home.php')
 2 SYSTEMPATH/Common.php(1134): CodeIgniter\View\View->render('home', [], true)
 3 APPPATH/Controllers/Site.php(9): view('home')
 4 SYSTEMPATH/CodeIgniter.php(927): App\Controllers\Site->index()
 5 SYSTEMPATH/CodeIgniter.php(482): CodeIgniter\CodeIgniter->runController(Object(App\Controllers\Site))
 6 SYSTEMPATH/CodeIgniter.php(351): CodeIgniter\CodeIgniter->handleRequest(null, Object(Config\Cache), false)
 7 FCPATH/index.php(67): CodeIgniter\CodeIgniter->run()
CRITICAL - 2022-11-07 16:19:45 --> Invalid file: home.php
in SYSTEMPATH/Exceptions/FrameworkException.php on line 33.
 1 SYSTEMPATH/View/View.php(201): CodeIgniter\Exceptions\FrameworkException::forInvalidFile('home.php')
 2 SYSTEMPATH/Common.php(1134): CodeIgniter\View\View->render('home', [], true)
 3 APPPATH/Controllers/Site.php(9): view('home')
 4 SYSTEMPATH/CodeIgniter.php(927): App\Controllers\Site->index()
 5 SYSTEMPATH/CodeIgniter.php(482): CodeIgniter\CodeIgniter->runController(Object(App\Controllers\Site))
 6 SYSTEMPATH/CodeIgniter.php(351): CodeIgniter\CodeIgniter->handleRequest(null, Object(Config\Cache), false)
 7 FCPATH/index.php(67): CodeIgniter\CodeIgniter->run()
CRITICAL - 2022-11-07 16:33:26 --> Invalid file: site/home/products.php
in SYSTEMPATH/Exceptions/FrameworkException.php on line 33.
 1 SYSTEMPATH/View/View.php(201): CodeIgniter\Exceptions\FrameworkException::forInvalidFile('site/home/products.php')
 2 SYSTEMPATH/Common.php(1134): CodeIgniter\View\View->render('site/home/products', [], true)
 3 APPPATH/Controllers/Site.php(24): view('site/home/products')
 4 SYSTEMPATH/CodeIgniter.php(927): App\Controllers\Site->products()
 5 SYSTEMPATH/CodeIgniter.php(482): CodeIgniter\CodeIgniter->runController(Object(App\Controllers\Site))
 6 SYSTEMPATH/CodeIgniter.php(351): CodeIgniter\CodeIgniter->handleRequest(null, Object(Config\Cache), false)
 7 FCPATH/index.php(67): CodeIgniter\CodeIgniter->run()
CRITICAL - 2022-11-07 16:41:30 --> Invalid file: site/{$page}.php
in SYSTEMPATH/Exceptions/FrameworkException.php on line 33.
 1 SYSTEMPATH/View/View.php(201): CodeIgniter\Exceptions\FrameworkException::forInvalidFile('site/{$page}.php')
 2 SYSTEMPATH/Common.php(1134): CodeIgniter\View\View->render('site/{$page}', [], true)
 3 APPPATH/Controllers/Site.php(17): view('site/{$page}')
 4 APPPATH/Controllers/Site.php(10): App\Controllers\Site->view('about')
 5 SYSTEMPATH/CodeIgniter.php(927): App\Controllers\Site->index()
 6 SYSTEMPATH/CodeIgniter.php(482): CodeIgniter\CodeIgniter->runController(Object(App\Controllers\Site))
 7 SYSTEMPATH/CodeIgniter.php(351): CodeIgniter\CodeIgniter->handleRequest(null, Object(Config\Cache), false)
 8 FCPATH/index.php(67): CodeIgniter\CodeIgniter->run()
CRITICAL - 2022-11-07 16:41:35 --> Invalid file: site/{$page}.php
in SYSTEMPATH/Exceptions/FrameworkException.php on line 33.
 1 SYSTEMPATH/View/View.php(201): CodeIgniter\Exceptions\FrameworkException::forInvalidFile('site/{$page}.php')
 2 SYSTEMPATH/Common.php(1134): CodeIgniter\View\View->render('site/{$page}', [], true)
 3 APPPATH/Controllers/Site.php(17): view('site/{$page}')
 4 APPPATH/Controllers/Site.php(10): App\Controllers\Site->view('about')
 5 SYSTEMPATH/CodeIgniter.php(927): App\Controllers\Site->index()
 6 SYSTEMPATH/CodeIgniter.php(482): CodeIgniter\CodeIgniter->runController(Object(App\Controllers\Site))
 7 SYSTEMPATH/CodeIgniter.php(351): CodeIgniter\CodeIgniter->handleRequest(null, Object(Config\Cache), false)
 8 FCPATH/index.php(67): CodeIgniter\CodeIgniter->run()
